actionid: py36
msg: getenv
cmdargs: ['/Users/pylarva/github/flask/pro_flask_simple/.tox/py36/bin/pip', 'install', '-r/Users/pylarva/github/flask/pro_flask_simple/test-requirements.txt', '-r/Users/pylarva/github/flask/pro_flask_simple/requirements.txt']

Collecting flake8==2.4.0 (from -r /Users/pylarva/github/flask/pro_flask_simple/test-requirements.txt (line 1))
  Using cached https://files.pythonhosted.org/packages/ac/1a/a9fa6e1672f5703d98ea4425c5941ec28db23f3dd169a505b8bdc2386987/flake8-2.4.0-py2.py3-none-any.whl
Collecting Flask-Testing==0.4.2 (from -r /Users/pylarva/github/flask/pro_flask_simple/test-requirements.txt (line 2))
Collecting discover (from -r /Users/pylarva/github/flask/pro_flask_simple/test-requirements.txt (line 3))
Collecting nose (from -r /Users/pylarva/github/flask/pro_flask_simple/test-requirements.txt (line 4))
  Using cached https://files.pythonhosted.org/packages/15/d8/dd071918c040f50fa1cf80da16423af51ff8ce4a0f2399b7bf8de45ac3d9/nose-1.3.7-py3-none-any.whl
Collecting coverage==4.0.3 (from -r /Users/pylarva/github/flask/pro_flask_simple/test-requirements.txt (line 5))
Collecting Flask==0.10.1 (from -r /Users/pylarva/github/flask/pro_flask_simple/requirements.txt (line 1))
  Using cached https://files.pythonhosted.org/packages/db/9c/149ba60c47d107f85fe52564133348458f093dd5e6b57a5b60ab9ac517bb/Flask-0.10.1.tar.gz
Collecting PyMySQL==0.7.10 (from -r /Users/pylarva/github/flask/pro_flask_simple/requirements.txt (line 2))
  Downloading https://files.pythonhosted.org/packages/1a/a0/71f4445e9ea494d61728b7f32b63a8c1cf0c0abc5eb94cb890b898b639c0/PyMySQL-0.7.10-py2.py3-none-any.whl (78kB)
Collecting SQLAlchemy==1.0.14 (from -r /Users/pylarva/github/flask/pro_flask_simple/requirements.txt (line 3))
  Cache entry deserialization failed, entry ignored
  Using cached https://files.pythonhosted.org/packages/aa/cb/e3990b9da48facbe48b80a281a51fb925ff84aaaca44d368d658b0160fcf/SQLAlchemy-1.0.14.tar.gz
Collecting alembic==0.8.6 (from -r /Users/pylarva/github/flask/pro_flask_simple/requirements.txt (line 4))
  Cache entry deserialization failed, entry ignored
Collecting Flask_SQLAlchemy==2.3.2 (from -r /Users/pylarva/github/flask/pro_flask_simple/requirements.txt (line 5))
  Cache entry deserialization failed, entry ignored
  Using cached https://files.pythonhosted.org/packages/a1/44/294fb7f6bf49cc7224417cd0637018db9fee0729b4fe166e43e2bbb1f1c8/Flask_SQLAlchemy-2.3.2-py2.py3-none-any.whl
Collecting Flask_Migrate==1.8.1 (from -r /Users/pylarva/github/flask/pro_flask_simple/requirements.txt (line 6))
  Cache entry deserialization failed, entry ignored
  Using cached https://files.pythonhosted.org/packages/9f/e6/714bd2ce96ed5b8c3df7ec8ef7fc9f32ff93d93e1163a519aa24097e1b42/Flask-Migrate-1.8.1.tar.gz
Collecting Flask_Script==2.0.5 (from -r /Users/pylarva/github/flask/pro_flask_simple/requirements.txt (line 7))
  Cache entry deserialization failed, entry ignored
  Using cached https://files.pythonhosted.org/packages/66/e9/2b3c7c548a6bad0b59da21e2050613da43aae4da617fb98847efa3e09a43/Flask-Script-2.0.5.tar.gz
Collecting DBUtils==1.2 (from -r /Users/pylarva/github/flask/pro_flask_simple/requirements.txt (line 8))
Collecting pyflakes<0.9,>=0.8.1 (from flake8==2.4.0->-r /Users/pylarva/github/flask/pro_flask_simple/test-requirements.txt (line 1))
  Using cached https://files.pythonhosted.org/packages/49/94/592dfa051cb674d022c8ae6306d114dc752b3b5d3e08b896acaa4b3277f8/pyflakes-0.8.1-py2.py3-none-any.whl
Collecting pep8<1.6,>=1.5.7 (from flake8==2.4.0->-r /Users/pylarva/github/flask/pro_flask_simple/test-requirements.txt (line 1))
  Using cached https://files.pythonhosted.org/packages/e2/3a/fb53887b208e7e444c13b59244fcac4ef923678e6ae33e7fc71391f37b62/pep8-1.5.7-py2.py3-none-any.whl
Collecting mccabe<0.4,>=0.2.1 (from flake8==2.4.0->-r /Users/pylarva/github/flask/pro_flask_simple/test-requirements.txt (line 1))
  Using cached https://files.pythonhosted.org/packages/84/75/d7966b7280635e96a243d27ca39e5954e9af632a36a4e8eee44660e53540/mccabe-0.3.1-py2.py3-none-any.whl
Collecting Werkzeug>=0.7 (from Flask==0.10.1->-r /Users/pylarva/github/flask/pro_flask_simple/requirements.txt (line 1))
  Using cached https://files.pythonhosted.org/packages/20/c4/12e3e56473e52375aa29c4764e70d1b8f3efa6682bef8d0aae04fe335243/Werkzeug-0.14.1-py2.py3-none-any.whl
Collecting Jinja2>=2.4 (from Flask==0.10.1->-r /Users/pylarva/github/flask/pro_flask_simple/requirements.txt (line 1))
  Using cached https://files.pythonhosted.org/packages/7f/ff/ae64bacdfc95f27a016a7bed8e8686763ba4d277a78ca76f32659220a731/Jinja2-2.10-py2.py3-none-any.whl
Collecting itsdangerous>=0.21 (from Flask==0.10.1->-r /Users/pylarva/github/flask/pro_flask_simple/requirements.txt (line 1))
Collecting python-editor>=0.3 (from alembic==0.8.6->-r /Users/pylarva/github/flask/pro_flask_simple/requirements.txt (line 4))
  Cache entry deserialization failed, entry ignored
Collecting Mako (from alembic==0.8.6->-r /Users/pylarva/github/flask/pro_flask_simple/requirements.txt (line 4))
  Cache entry deserialization failed, entry ignored
Collecting MarkupSafe>=0.23 (from Jinja2>=2.4->Flask==0.10.1->-r /Users/pylarva/github/flask/pro_flask_simple/requirements.txt (line 1))
Building wheels for collected packages: Flask, SQLAlchemy, Flask-Migrate, Flask-Script
  Running setup.py bdist_wheel for Flask: started
  Running setup.py bdist_wheel for Flask: finished with status 'done'
  Stored in directory: /Users/pylarva/Library/Caches/pip/wheels/e1/f2/be/1c4f307a41aad7e632f79c0242a2714ecde24b663da3519665
  Running setup.py bdist_wheel for SQLAlchemy: started
  Running setup.py bdist_wheel for SQLAlchemy: finished with status 'done'
  Stored in directory: /Users/pylarva/Library/Caches/pip/wheels/36/8c/ec/27aa8bf5066ddd8b9f38c6c1510543bfd8b5a788d9fb505fc4
  Running setup.py bdist_wheel for Flask-Migrate: started
  Running setup.py bdist_wheel for Flask-Migrate: finished with status 'done'
  Stored in directory: /Users/pylarva/Library/Caches/pip/wheels/1d/03/91/6d0e17cbfa03e908ee6cd23ce9d7ca1cdcec8194e57d6d9a28
  Running setup.py bdist_wheel for Flask-Script: started
  Running setup.py bdist_wheel for Flask-Script: finished with status 'done'
  Stored in directory: /Users/pylarva/Library/Caches/pip/wheels/f9/ed/7b/530510061d729b8d8f806b0df2cd81d8a4d6889f537919dcfe
Successfully built Flask SQLAlchemy Flask-Migrate Flask-Script
Installing collected packages: pyflakes, pep8, mccabe, flake8, Werkzeug, MarkupSafe, Jinja2, itsdangerous, Flask, Flask-Testing, discover, nose, coverage, PyMySQL, SQLAlchemy, python-editor, Mako, alembic, Flask-SQLAlchemy, Flask-Script, Flask-Migrate, DBUtils
Successfully installed DBUtils-1.2 Flask-0.10.1 Flask-Migrate-1.8.1 Flask-SQLAlchemy-2.3.2 Flask-Script-2.0.5 Flask-Testing-0.4.2 Jinja2-2.10 Mako-1.0.7 MarkupSafe-1.0 PyMySQL-0.7.10 SQLAlchemy-1.0.14 Werkzeug-0.14.1 alembic-0.8.6 coverage-4.0.3 discover-0.4.0 flake8-2.4.0 itsdangerous-0.24 mccabe-0.3.1 nose-1.3.7 pep8-1.5.7 pyflakes-0.8.1 python-editor-1.0.3
